[INFO] Scanning for projects...
[INFO] 
[INFO] --------------------< com.nhom4project:auctionweb >---------------------
[INFO] Building auctionweb 0.0.1-SNAPSHOT
[INFO]   from pom.xml
[INFO] --------------------------------[ jar ]---------------------------------
[INFO] 
[INFO] >>> spring-boot:3.2.5:run (default-cli) > test-compile @ auctionweb >>>
[WARNING] 6 problems were encountered while building the effective model for org.openjfx:javafx-controls:jar:21 during dependency collection step for project (use -X to see details)
[INFO] 
[INFO] --- resources:3.3.1:resources (default-resources) @ auctionweb ---
[INFO] Copying 1 resource from src\main\resources to target\classes
[INFO] Copying 10 resources from src\main\resources to target\classes
[INFO] 
[INFO] --- compiler:3.11.0:compile (default-compile) @ auctionweb ---
[INFO] Nothing to compile - all classes are up to date
[INFO] 
[INFO] --- resources:3.3.1:testResources (default-testResources) @ auctionweb ---
[INFO] Copying 1 resource from src\test\resources to target\test-classes
[INFO] 
[INFO] --- compiler:3.11.0:testCompile (default-testCompile) @ auctionweb ---
[INFO] Nothing to compile - all classes are up to date
[INFO] 
[INFO] <<< spring-boot:3.2.5:run (default-cli) < test-compile @ auctionweb <<<
[INFO] 
[INFO] 
[INFO] --- spring-boot:3.2.5:run (default-cli) @ auctionweb ---
[INFO] Attaching agents: []

  .   ____          _            __ _ _
 /\\ / ___'_ __ _ _(_)_ __  __ _ \ \ \ \
( ( )\___ | '_ | '_| | '_ \/ _` | \ \ \ \
 \\/  ___)| |_)| | | | | || (_| |  ) ) ) )
  '  |____| .__|_| |_|_| |_\__, | / / / /
 =========|_|==============|___/=/_/_/_/
 :: Spring Boot ::                (v3.2.5)

2026-05-02T09:10:09.523+07:00  INFO 16552 --- [auctionweb] [           main] com.nhom4project.auctionweb.Main         : Starting Main using Java 25.0.2 with PID 16552 (D:\BTL\auctionweb\target\classes started by ASUS in D:\BTL\auctionweb)
2026-05-02T09:10:09.525+07:00  INFO 16552 --- [auctionweb] [           main] com.nhom4project.auctionweb.Main         : No active profile set, falling back to 1 default profile: "default"
2026-05-02T09:10:09.910+07:00  INFO 16552 --- [auctionweb] [           main] .s.d.r.c.RepositoryConfigurationDelegate : Bootstrapping Spring Data JPA repositories in DEFAULT mode.
2026-05-02T09:10:09.953+07:00  INFO 16552 --- [auctionweb] [           main] .s.d.r.c.RepositoryConfigurationDelegate : Finished Spring Data repository scanning in 37 ms. Found 5 JPA repository interfaces.
WARNING: A restricted method in java.lang.System has been called
WARNING: java.lang.System::load has been called by org.apache.tomcat.jni.Library in an unnamed module (file:/C:/Users/ASUS/.m2/repository/org/apache/tomcat/embed/tomcat-embed-core/10.1.20/tomcat-embed-core-10.1.20.jar)
WARNING: Use --enable-native-access=ALL-UNNAMED to avoid a warning for callers in this module
WARNING: Restricted methods will be blocked in a future release unless native access is enabled

2026-05-02T09:10:10.281+07:00  INFO 16552 --- [auctionweb] [           main] o.s.b.w.embedded.tomcat.TomcatWebServer  : Tomcat initialized with port 8080 (http)
2026-05-02T09:10:10.289+07:00  INFO 16552 --- [auctionweb] [           main] o.apache.catalina.core.StandardService   : Starting service [Tomcat]
2026-05-02T09:10:10.289+07:00  INFO 16552 --- [auctionweb] [           main] o.apache.catalina.core.StandardEngine    : Starting Servlet engine: [Apache Tomcat/10.1.20]
2026-05-02T09:10:10.326+07:00  INFO 16552 --- [auctionweb] [           main] o.a.c.c.C.[Tomcat].[localhost].[/]       : Initializing Spring embedded WebApplicationContext
2026-05-02T09:10:10.327+07:00  INFO 16552 --- [auctionweb] [           main] w.s.c.ServletWebServerApplicationContext : Root WebApplicationContext: initialization completed in 771 ms
2026-05-02T09:10:10.351+07:00  INFO 16552 --- [auctionweb] [           main] com.zaxxer.hikari.HikariDataSource       : HikariPool-1 - Starting...
2026-05-02T09:10:10.526+07:00  INFO 16552 --- [auctionweb] [           main] com.zaxxer.hikari.pool.HikariPool        : HikariPool-1 - Added connection conn0: url=jdbc:h2:file:./data/auction_db user=SA
2026-05-02T09:10:10.527+07:00  INFO 16552 --- [auctionweb] [           main] com.zaxxer.hikari.HikariDataSource       : HikariPool-1 - Start completed.
2026-05-02T09:10:10.545+07:00  INFO 16552 --- [auctionweb] [           main] o.s.b.a.h2.H2ConsoleAutoConfiguration    : H2 console available at '/h2-console'. Database available at 'jdbc:h2:file:./data/auction_db'
2026-05-02T09:10:10.617+07:00  INFO 16552 --- [auctionweb] [           main] o.hibernate.jpa.internal.util.LogHelper  : HHH000204: Processing PersistenceUnitInfo [name: default]
2026-05-02T09:10:10.643+07:00  INFO 16552 --- [auctionweb] [           main] org.hibernate.Version                    : HHH000412: Hibernate ORM core version 6.4.4.Final
2026-05-02T09:10:10.660+07:00  INFO 16552 --- [auctionweb] [           main] o.h.c.internal.RegionFactoryInitiator    : HHH000026: Second-level cache disabled
2026-05-02T09:10:10.780+07:00  INFO 16552 --- [auctionweb] [           main] o.s.o.j.p.SpringPersistenceUnitInfo      : No LoadTimeWeaver setup: ignoring JPA class transformer
2026-05-02T09:10:10.803+07:00  WARN 16552 --- [auctionweb] [           main] org.hibernate.orm.deprecation            : HHH90000025: H2Dialect does not need to be specified explicitly using 'hibernate.dialect' (remove the property setting and it will be selected by default)
2026-05-02T09:10:11.618+07:00  INFO 16552 --- [auctionweb] [           main] o.h.e.t.j.p.i.JtaPlatformInitiator       : HHH000489: No JTA platform available (set 'hibernate.transaction.jta.platform' to enable JTA platform integration)
2026-05-02T09:10:11.653+07:00  INFO 16552 --- [auctionweb] [           main] j.LocalContainerEntityManagerFactoryBean : Initialized JPA EntityManagerFactory for persistence unit 'default'
Hibernate: 
    select
        count(*) 
    from
        auction_sessions a1_0
2026-05-02T09:10:12.368+07:00  INFO 16552 --- [auctionweb] [           main] o.s.b.w.embedded.tomcat.TomcatWebServer  : Tomcat started on port 8080 (http) with context path ''
2026-05-02T09:10:12.370+07:00  INFO 16552 --- [auctionweb] [           main] o.s.m.s.b.SimpleBrokerMessageHandler     : Starting...
2026-05-02T09:10:12.370+07:00  INFO 16552 --- [auctionweb] [           main] o.s.m.s.b.SimpleBrokerMessageHandler     : BrokerAvailabilityEvent[available=true, SimpleBrokerMessageHandler [org.springframework.messaging.simp.broker.DefaultSubscriptionRegistry@6e1a8e78]]
2026-05-02T09:10:12.372+07:00  INFO 16552 --- [auctionweb] [           main] o.s.m.s.b.SimpleBrokerMessageHandler     : Started.
2026-05-02T09:10:12.377+07:00  INFO 16552 --- [auctionweb] [           main] com.nhom4project.auctionweb.Main         : Started Main in 3.084 seconds (process running for 3.317)
Hibernate: 
    select
        count(*) 
    from
        auction_users u1_0
Hibernate: 
    select
        a1_0.id,
        a1_0.bid_count,
        a1_0.category,
        a1_0.created_at,
        a1_0.current_price,
        a1_0.description,
        a1_0.end_time,
        a1_0.item_id,
        a1_0.seller_id,
        a1_0.start_time,
        a1_0.starting_price,
        a1_0.status,
        a1_0.title,
        a1_0.updated_at,
        a1_0.version,
        a1_0.winner_id 
    from
        auction_sessions a1_0 
    where
        a1_0.status=? 
        and a1_0.end_time<?
Hibernate: 
    select
        a1_0.id,
        a1_0.bid_count,
        a1_0.category,
        a1_0.created_at,
        a1_0.current_price,
        a1_0.description,
        a1_0.end_time,
        a1_0.item_id,
        a1_0.seller_id,
        a1_0.start_time,
        a1_0.starting_price,
        a1_0.status,
        a1_0.title,
        a1_0.updated_at,
        a1_0.version,
        a1_0.winner_id 
    from
        auction_sessions a1_0 
    where
        a1_0.status=?
Hibernate: 
    select
        i1_0.id,
        i1_0.item_type,
        i1_0.created_at,
        i1_0.current_price,
        i1_0.description,
        i1_0.name,
        s1_0.id,
        s1_0.created_at,
        s1_0.email,
        s1_0.fullname,
        s1_0.password,
        s1_0.role,
        s1_0.updated_at,
        s1_0.username,
        s1_0.store_name,
        s1_0.store_rating,
        i1_0.starting_price,
        i1_0.updated_at,
        i1_0.artist,
        i1_0.medium,
        i1_0.brand,
        i1_0.model_name,
        i1_0.manufacturer,
        i1_0.release_year 
    from
        auction_items i1_0 
    left join
        (select
            * 
        from
            auction_users t 
        where
            t.user_type='SELLER') s1_0 
            on s1_0.id=i1_0.seller_id 
    where
        i1_0.id=?
Hibernate: 
    select
        a1_0.id,
        a1_0.bid_count,
        a1_0.category,
        a1_0.created_at,
        a1_0.current_price,
        a1_0.description,
        a1_0.end_time,
        a1_0.item_id,
        a1_0.seller_id,
        a1_0.start_time,
        a1_0.starting_price,
        a1_0.status,
        a1_0.title,
        a1_0.updated_at,
        a1_0.version,
        a1_0.winner_id 
    from
        auction_sessions a1_0 
    where
        a1_0.status=? 
        and a1_0.end_time<?
Hibernate: 
    select
        a1_0.id,
        a1_0.bid_count,
        a1_0.category,
        a1_0.created_at,
        a1_0.current_price,
        a1_0.description,
        a1_0.end_time,
        a1_0.item_id,
        a1_0.seller_id,
        a1_0.start_time,
        a1_0.starting_price,
        a1_0.status,
        a1_0.title,
        a1_0.updated_at,
        a1_0.version,
        a1_0.winner_id 
    from
        auction_sessions a1_0 
    where
        a1_0.status=?
Hibernate: 
    select
        i1_0.id,
        i1_0.item_type,
        i1_0.created_at,
        i1_0.current_price,
        i1_0.description,
        i1_0.name,
        s1_0.id,
        s1_0.created_at,
        s1_0.email,
        s1_0.fullname,
        s1_0.password,
        s1_0.role,
        s1_0.updated_at,
        s1_0.username,
        s1_0.store_name,
        s1_0.store_rating,
        i1_0.starting_price,
        i1_0.updated_at,
        i1_0.artist,
        i1_0.medium,
        i1_0.brand,
        i1_0.model_name,
        i1_0.manufacturer,
        i1_0.release_year 
    from
        auction_items i1_0 
    left join
        (select
            * 
        from
            auction_users t 
        where
            t.user_type='SELLER') s1_0 
            on s1_0.id=i1_0.seller_id 
    where
        i1_0.id=?
Hibernate: 
    select
        a1_0.id,
        a1_0.bid_count,
        a1_0.category,
        a1_0.created_at,
        a1_0.current_price,
        a1_0.description,
        a1_0.end_time,
        a1_0.item_id,
        a1_0.seller_id,
        a1_0.start_time,
        a1_0.starting_price,
        a1_0.status,
        a1_0.title,
        a1_0.updated_at,
        a1_0.version,
        a1_0.winner_id 
    from
        auction_sessions a1_0 
    where
        a1_0.status=? 
        and a1_0.end_time<?
Hibernate: 
    select
        a1_0.id,
        a1_0.bid_count,
        a1_0.category,
        a1_0.created_at,
        a1_0.current_price,
        a1_0.description,
        a1_0.end_time,
        a1_0.item_id,
        a1_0.seller_id,
        a1_0.start_time,
        a1_0.starting_price,
        a1_0.status,
        a1_0.title,
        a1_0.updated_at,
        a1_0.version,
        a1_0.winner_id 
    from
        auction_sessions a1_0 
    where
        a1_0.status=?
Hibernate: 
    select
        i1_0.id,
        i1_0.item_type,
        i1_0.created_at,
        i1_0.current_price,
        i1_0.description,
        i1_0.name,
        s1_0.id,
        s1_0.created_at,
        s1_0.email,
        s1_0.fullname,
        s1_0.password,
        s1_0.role,
        s1_0.updated_at,
        s1_0.username,
        s1_0.store_name,
        s1_0.store_rating,
        i1_0.starting_price,
        i1_0.updated_at,
        i1_0.artist,
        i1_0.medium,
        i1_0.brand,
        i1_0.model_name,
        i1_0.manufacturer,
        i1_0.release_year 
    from
        auction_items i1_0 
    left join
        (select
            * 
        from
            auction_users t 
        where
            t.user_type='SELLER') s1_0 
            on s1_0.id=i1_0.seller_id 
    where
        i1_0.id=?
Hibernate: 
    select
        a1_0.id,
        a1_0.bid_count,
        a1_0.category,
        a1_0.created_at,
        a1_0.current_price,
        a1_0.description,
        a1_0.end_time,
        a1_0.item_id,
        a1_0.seller_id,
        a1_0.start_time,
        a1_0.starting_price,
        a1_0.status,
        a1_0.title,
        a1_0.updated_at,
        a1_0.version,
        a1_0.winner_id 
    from
        auction_sessions a1_0 
    where
        a1_0.status=? 
        and a1_0.end_time<?
Hibernate: 
    select
        a1_0.id,
        a1_0.bid_count,
        a1_0.category,
        a1_0.created_at,
        a1_0.current_price,
        a1_0.description,
        a1_0.end_time,
        a1_0.item_id,
        a1_0.seller_id,
        a1_0.start_time,
        a1_0.starting_price,
        a1_0.status,
        a1_0.title,
        a1_0.updated_at,
        a1_0.version,
        a1_0.winner_id 
    from
        auction_sessions a1_0 
    where
        a1_0.status=?
Hibernate: 
    select
        i1_0.id,
        i1_0.item_type,
        i1_0.created_at,
        i1_0.current_price,
        i1_0.description,
        i1_0.name,
        s1_0.id,
        s1_0.created_at,
        s1_0.email,
        s1_0.fullname,
        s1_0.password,
        s1_0.role,
        s1_0.updated_at,
        s1_0.username,
        s1_0.store_name,
        s1_0.store_rating,
        i1_0.starting_price,
        i1_0.updated_at,
        i1_0.artist,
        i1_0.medium,
        i1_0.brand,
        i1_0.model_name,
        i1_0.manufacturer,
        i1_0.release_year 
    from
        auction_items i1_0 
    left join
        (select
            * 
        from
            auction_users t 
        where
            t.user_type='SELLER') s1_0 
            on s1_0.id=i1_0.seller_id 
    where
        i1_0.id=?
2026-05-02T09:10:30.274+07:00  INFO 16552 --- [auctionweb] [nio-8080-exec-1] o.a.c.c.C.[Tomcat].[localhost].[/]       : Initializing Spring DispatcherServlet 'dispatcherServlet'
2026-05-02T09:10:30.274+07:00  INFO 16552 --- [auctionweb] [nio-8080-exec-1] o.s.web.servlet.DispatcherServlet        : Initializing Servlet 'dispatcherServlet'
2026-05-02T09:10:30.276+07:00  INFO 16552 --- [auctionweb] [nio-8080-exec-1] o.s.web.servlet.DispatcherServlet        : Completed initialization in 2 ms
Hibernate: 
    select
        u1_0.id,
        u1_0.user_type,
        u1_0.created_at,
        u1_0.email,
        u1_0.fullname,
        u1_0.password,
        u1_0.role,
        u1_0.updated_at,
        u1_0.username,
        u1_0.admin_level,
        u1_0.rating,
        u1_0.store_name,
        u1_0.store_rating 
    from
        auction_users u1_0 
    where
        u1_0.username=?
Hibernate: 
    select
        a1_0.id,
        a1_0.bid_count,
        a1_0.category,
        a1_0.created_at,
        a1_0.current_price,
        a1_0.description,
        a1_0.end_time,
        a1_0.item_id,
        a1_0.seller_id,
        a1_0.start_time,
        a1_0.starting_price,
        a1_0.status,
        a1_0.title,
        a1_0.updated_at,
        a1_0.version,
        a1_0.winner_id 
    from
        auction_sessions a1_0 
    where
        a1_0.status=? 
        and a1_0.end_time<?
Hibernate: 
    select
        a1_0.id,
        a1_0.bid_count,
        a1_0.category,
        a1_0.created_at,
        a1_0.current_price,
        a1_0.description,
        a1_0.end_time,
        a1_0.item_id,
        a1_0.seller_id,
        a1_0.start_time,
        a1_0.starting_price,
        a1_0.status,
        a1_0.title,
        a1_0.updated_at,
        a1_0.version,
        a1_0.winner_id 
    from
        auction_sessions a1_0 
    where
        a1_0.status=?
Hibernate: 
    select
        i1_0.id,
        i1_0.item_type,
        i1_0.created_at,
        i1_0.current_price,
        i1_0.description,
        i1_0.name,
        s1_0.id,
        s1_0.created_at,
        s1_0.email,
        s1_0.fullname,
        s1_0.password,
        s1_0.role,
        s1_0.updated_at,
        s1_0.username,
        s1_0.store_name,
        s1_0.store_rating,
        i1_0.starting_price,
        i1_0.updated_at,
        i1_0.artist,
        i1_0.medium,
        i1_0.brand,
        i1_0.model_name,
        i1_0.manufacturer,
        i1_0.release_year 
    from
        auction_items i1_0 
    left join
        (select
            * 
        from
            auction_users t 
        where
            t.user_type='SELLER') s1_0 
            on s1_0.id=i1_0.seller_id 
    where
        i1_0.id=?
Hibernate: 
    select
        u1_0.id,
        u1_0.user_type,
        u1_0.created_at,
        u1_0.email,
        u1_0.fullname,
        u1_0.password,
        u1_0.role,
        u1_0.updated_at,
        u1_0.username,
        u1_0.admin_level,
        u1_0.rating,
        u1_0.store_name,
        u1_0.store_rating 
    from
        auction_users u1_0 
    where
        u1_0.username=?
Hibernate: 
    select
        u1_0.id,
        u1_0.user_type,
        u1_0.created_at,
        u1_0.email,
        u1_0.fullname,
        u1_0.password,
        u1_0.role,
        u1_0.updated_at,
        u1_0.username,
        u1_0.admin_level,
        u1_0.rating,
        u1_0.store_name,
        u1_0.store_rating 
    from
        auction_users u1_0 
    where
        u1_0.username=?
Hibernate: 
    select
        u1_0.id,
        u1_0.user_type,
        u1_0.created_at,
        u1_0.email,
        u1_0.fullname,
        u1_0.password,
        u1_0.role,
        u1_0.updated_at,
        u1_0.username,
        u1_0.admin_level,
        u1_0.rating,
        u1_0.store_name,
        u1_0.store_rating 
    from
        auction_users u1_0 
    where
        u1_0.username=?
Hibernate: 
    select
        u1_0.id,
        u1_0.user_type,
        u1_0.created_at,
        u1_0.email,
        u1_0.fullname,
        u1_0.password,
        u1_0.role,
        u1_0.updated_at,
        u1_0.username,
        u1_0.admin_level,
        u1_0.rating,
        u1_0.store_name,
        u1_0.store_rating 
    from
        auction_users u1_0 
    where
        u1_0.username=?
Hibernate: 
    select
        a1_0.id,
        a1_0.bid_count,
        a1_0.category,
        a1_0.created_at,
        a1_0.current_price,
        a1_0.description,
        a1_0.end_time,
        a1_0.item_id,
        a1_0.seller_id,
        a1_0.start_time,
        a1_0.starting_price,
        a1_0.status,
        a1_0.title,
        a1_0.updated_at,
        a1_0.version,
        a1_0.winner_id 
    from
        auction_sessions a1_0 
    where
        a1_0.status=? 
        and a1_0.end_time<?
Hibernate: 
    select
        a1_0.id,
        a1_0.bid_count,
        a1_0.category,
        a1_0.created_at,
        a1_0.current_price,
        a1_0.description,
        a1_0.end_time,
        a1_0.item_id,
        a1_0.seller_id,
        a1_0.start_time,
        a1_0.starting_price,
        a1_0.status,
        a1_0.title,
        a1_0.updated_at,
        a1_0.version,
        a1_0.winner_id 
    from
        auction_sessions a1_0 
    where
        a1_0.status=?
Hibernate: 
    select
        i1_0.id,
        i1_0.item_type,
        i1_0.created_at,
        i1_0.current_price,
        i1_0.description,
        i1_0.name,
        s1_0.id,
        s1_0.created_at,
        s1_0.email,
        s1_0.fullname,
        s1_0.password,
        s1_0.role,
        s1_0.updated_at,
        s1_0.username,
        s1_0.store_name,
        s1_0.store_rating,
        i1_0.starting_price,
        i1_0.updated_at,
        i1_0.artist,
        i1_0.medium,
        i1_0.brand,
        i1_0.model_name,
        i1_0.manufacturer,
        i1_0.release_year 
    from
        auction_items i1_0 
    left join
        (select
            * 
        from
            auction_users t 
        where
            t.user_type='SELLER') s1_0 
            on s1_0.id=i1_0.seller_id 
    where
        i1_0.id=?
Hibernate: 
    select
        a1_0.id,
        a1_0.bid_count,
        a1_0.category,
        a1_0.created_at,
        a1_0.current_price,
        a1_0.description,
        a1_0.end_time,
        a1_0.item_id,
        a1_0.seller_id,
        a1_0.start_time,
        a1_0.starting_price,
        a1_0.status,
        a1_0.title,
        a1_0.updated_at,
        a1_0.version,
        a1_0.winner_id 
    from
        auction_sessions a1_0 
    where
        a1_0.status=? 
        and a1_0.end_time<?
Hibernate: 
    select
        a1_0.id,
        a1_0.bid_count,
        a1_0.category,
        a1_0.created_at,
        a1_0.current_price,
        a1_0.description,
        a1_0.end_time,
        a1_0.item_id,
        a1_0.seller_id,
        a1_0.start_time,
        a1_0.starting_price,
        a1_0.status,
        a1_0.title,
        a1_0.updated_at,
        a1_0.version,
        a1_0.winner_id 
    from
        auction_sessions a1_0 
    where
        a1_0.status=?
Hibernate: 
    select
        i1_0.id,
        i1_0.item_type,
        i1_0.created_at,
        i1_0.current_price,
        i1_0.description,
        i1_0.name,
        s1_0.id,
        s1_0.created_at,
        s1_0.email,
        s1_0.fullname,
        s1_0.password,
        s1_0.role,
        s1_0.updated_at,
        s1_0.username,
        s1_0.store_name,
        s1_0.store_rating,
        i1_0.starting_price,
        i1_0.updated_at,
        i1_0.artist,
        i1_0.medium,
        i1_0.brand,
        i1_0.model_name,
        i1_0.manufacturer,
        i1_0.release_year 
    from
        auction_items i1_0 
    left join
        (select
            * 
        from
            auction_users t 
        where
            t.user_type='SELLER') s1_0 
            on s1_0.id=i1_0.seller_id 
    where
        i1_0.id=?
Hibernate: 
    select
        a1_0.id,
        a1_0.bid_count,
        a1_0.category,
        a1_0.created_at,
        a1_0.current_price,
        a1_0.description,
        a1_0.end_time,
        a1_0.item_id,
        a1_0.seller_id,
        a1_0.start_time,
        a1_0.starting_price,
        a1_0.status,
        a1_0.title,
        a1_0.updated_at,
        a1_0.version,
        a1_0.winner_id 
    from
        auction_sessions a1_0 
    where
        a1_0.status=? 
        and a1_0.end_time<?
Hibernate: 
    select
        a1_0.id,
        a1_0.bid_count,
        a1_0.category,
        a1_0.created_at,
        a1_0.current_price,
        a1_0.description,
        a1_0.end_time,
        a1_0.item_id,
        a1_0.seller_id,
        a1_0.start_time,
        a1_0.starting_price,
        a1_0.status,
        a1_0.title,
        a1_0.updated_at,
        a1_0.version,
        a1_0.winner_id 
    from
        auction_sessions a1_0 
    where
        a1_0.status=?
Hibernate: 
    select
        i1_0.id,
        i1_0.item_type,
        i1_0.created_at,
        i1_0.current_price,
        i1_0.description,
        i1_0.name,
        s1_0.id,
        s1_0.created_at,
        s1_0.email,
        s1_0.fullname,
        s1_0.password,
        s1_0.role,
        s1_0.updated_at,
        s1_0.username,
        s1_0.store_name,
        s1_0.store_rating,
        i1_0.starting_price,
        i1_0.updated_at,
        i1_0.artist,
        i1_0.medium,
        i1_0.brand,
        i1_0.model_name,
        i1_0.manufacturer,
        i1_0.release_year 
    from
        auction_items i1_0 
    left join
        (select
            * 
        from
            auction_users t 
        where
            t.user_type='SELLER') s1_0 
            on s1_0.id=i1_0.seller_id 
    where
        i1_0.id=?
Hibernate: 
    select
        u1_0.id,
        u1_0.user_type,
        u1_0.created_at,
        u1_0.email,
        u1_0.fullname,
        u1_0.password,
        u1_0.role,
        u1_0.updated_at,
        u1_0.username,
        u1_0.admin_level,
        u1_0.rating,
        u1_0.store_name,
        u1_0.store_rating 
    from
        auction_users u1_0 
    where
        u1_0.username=?
Hibernate: 
    select
        a1_0.id,
        a1_0.bid_count,
        a1_0.category,
        a1_0.created_at,
        a1_0.current_price,
        a1_0.description,
        a1_0.end_time,
        a1_0.item_id,
        a1_0.seller_id,
        a1_0.start_time,
        a1_0.starting_price,
        a1_0.status,
        a1_0.title,
        a1_0.updated_at,
        a1_0.version,
        a1_0.winner_id 
    from
        auction_sessions a1_0
Hibernate: 
    select
        i1_0.id,
        i1_0.item_type,
        i1_0.created_at,
        i1_0.current_price,
        i1_0.description,
        i1_0.name,
        s1_0.id,
        s1_0.created_at,
        s1_0.email,
        s1_0.fullname,
        s1_0.password,
        s1_0.role,
        s1_0.updated_at,
        s1_0.username,
        s1_0.store_name,
        s1_0.store_rating,
        i1_0.starting_price,
        i1_0.updated_at,
        i1_0.artist,
        i1_0.medium,
        i1_0.brand,
        i1_0.model_name,
        i1_0.manufacturer,
        i1_0.release_year 
    from
        auction_items i1_0 
    left join
        (select
            * 
        from
            auction_users t 
        where
            t.user_type='SELLER') s1_0 
            on s1_0.id=i1_0.seller_id 
    where
        i1_0.id=?
Hibernate: 
    select
        i1_0.id,
        i1_0.item_type,
        i1_0.created_at,
        i1_0.current_price,
        i1_0.description,
        i1_0.name,
        s1_0.id,
        s1_0.created_at,
        s1_0.email,
        s1_0.fullname,
        s1_0.password,
        s1_0.role,
        s1_0.updated_at,
        s1_0.username,
        s1_0.store_name,
        s1_0.store_rating,
        i1_0.starting_price,
        i1_0.updated_at,
        i1_0.artist,
        i1_0.medium,
        i1_0.brand,
        i1_0.model_name,
        i1_0.manufacturer,
        i1_0.release_year 
    from
        auction_items i1_0 
    left join
        (select
            * 
        from
            auction_users t 
        where
            t.user_type='SELLER') s1_0 
            on s1_0.id=i1_0.seller_id 
    where
        i1_0.id=?
Hibernate: 
    select
        i1_0.id,
        i1_0.item_type,
        i1_0.created_at,
        i1_0.current_price,
        i1_0.description,
        i1_0.name,
        s1_0.id,
        s1_0.created_at,
        s1_0.email,
        s1_0.fullname,
        s1_0.password,
        s1_0.role,
        s1_0.updated_at,
        s1_0.username,
        s1_0.store_name,
        s1_0.store_rating,
        i1_0.starting_price,
        i1_0.updated_at,
        i1_0.artist,
        i1_0.medium,
        i1_0.brand,
        i1_0.model_name,
        i1_0.manufacturer,
        i1_0.release_year 
    from
        auction_items i1_0 
    left join
        (select
            * 
        from
            auction_users t 
        where
            t.user_type='SELLER') s1_0 
            on s1_0.id=i1_0.seller_id 
    where
        i1_0.id=?
Hibernate: 
    select
        a1_0.id,
        a1_0.bid_count,
        a1_0.category,
        a1_0.created_at,
        a1_0.current_price,
        a1_0.description,
        a1_0.end_time,
        a1_0.item_id,
        a1_0.seller_id,
        a1_0.start_time,
        a1_0.starting_price,
        a1_0.status,
        a1_0.title,
        a1_0.updated_at,
        a1_0.version,
        a1_0.winner_id 
    from
        auction_sessions a1_0 
    where
        a1_0.status=? 
        and a1_0.end_time<?
Hibernate: 
    select
        a1_0.id,
        a1_0.bid_count,
        a1_0.category,
        a1_0.created_at,
        a1_0.current_price,
        a1_0.description,
        a1_0.end_time,
        a1_0.item_id,
        a1_0.seller_id,
        a1_0.start_time,
        a1_0.starting_price,
        a1_0.status,
        a1_0.title,
        a1_0.updated_at,
        a1_0.version,
        a1_0.winner_id 
    from
        auction_sessions a1_0 
    where
        a1_0.status=?
Hibernate: 
    select
        i1_0.id,
        i1_0.item_type,
        i1_0.created_at,
        i1_0.current_price,
        i1_0.description,
        i1_0.name,
        s1_0.id,
        s1_0.created_at,
        s1_0.email,
        s1_0.fullname,
        s1_0.password,
        s1_0.role,
        s1_0.updated_at,
        s1_0.username,
        s1_0.store_name,
        s1_0.store_rating,
        i1_0.starting_price,
        i1_0.updated_at,
        i1_0.artist,
        i1_0.medium,
        i1_0.brand,
        i1_0.model_name,
        i1_0.manufacturer,
        i1_0.release_year 
    from
        auction_items i1_0 
    left join
        (select
            * 
        from
            auction_users t 
        where
            t.user_type='SELLER') s1_0 
            on s1_0.id=i1_0.seller_id 
    where
        i1_0.id=?
Hibernate: 
    select
        a1_0.id,
        a1_0.bid_count,
        a1_0.category,
        a1_0.created_at,
        a1_0.current_price,
        a1_0.description,
        a1_0.end_time,
        a1_0.item_id,
        a1_0.seller_id,
        a1_0.start_time,
        a1_0.starting_price,
        a1_0.status,
        a1_0.title,
        a1_0.updated_at,
        a1_0.version,
        a1_0.winner_id 
    from
        auction_sessions a1_0
Hibernate: 
    select
        i1_0.id,
        i1_0.item_type,
        i1_0.created_at,
        i1_0.current_price,
        i1_0.description,
        i1_0.name,
        s1_0.id,
        s1_0.created_at,
        s1_0.email,
        s1_0.fullname,
        s1_0.password,
        s1_0.role,
        s1_0.updated_at,
        s1_0.username,
        s1_0.store_name,
        s1_0.store_rating,
        i1_0.starting_price,
        i1_0.updated_at,
        i1_0.artist,
        i1_0.medium,
        i1_0.brand,
        i1_0.model_name,
        i1_0.manufacturer,
        i1_0.release_year 
    from
        auction_items i1_0 
    left join
        (select
            * 
        from
            auction_users t 
        where
            t.user_type='SELLER') s1_0 
            on s1_0.id=i1_0.seller_id 
    where
        i1_0.id=?
Hibernate: 
    select
        i1_0.id,
        i1_0.item_type,
        i1_0.created_at,
        i1_0.current_price,
        i1_0.description,
        i1_0.name,
        s1_0.id,
        s1_0.created_at,
        s1_0.email,
        s1_0.fullname,
        s1_0.password,
        s1_0.role,
        s1_0.updated_at,
        s1_0.username,
        s1_0.store_name,
        s1_0.store_rating,
        i1_0.starting_price,
        i1_0.updated_at,
        i1_0.artist,
        i1_0.medium,
        i1_0.brand,
        i1_0.model_name,
        i1_0.manufacturer,
        i1_0.release_year 
    from
        auction_items i1_0 
    left join
        (select
            * 
        from
            auction_users t 
        where
            t.user_type='SELLER') s1_0 
            on s1_0.id=i1_0.seller_id 
    where
        i1_0.id=?
Hibernate: 
    select
        i1_0.id,
        i1_0.item_type,
        i1_0.created_at,
        i1_0.current_price,
        i1_0.description,
        i1_0.name,
        s1_0.id,
        s1_0.created_at,
        s1_0.email,
        s1_0.fullname,
        s1_0.password,
        s1_0.role,
        s1_0.updated_at,
        s1_0.username,
        s1_0.store_name,
        s1_0.store_rating,
        i1_0.starting_price,
        i1_0.updated_at,
        i1_0.artist,
        i1_0.medium,
        i1_0.brand,
        i1_0.model_name,
        i1_0.manufacturer,
        i1_0.release_year 
    from
        auction_items i1_0 
    left join
        (select
            * 
        from
            auction_users t 
        where
            t.user_type='SELLER') s1_0 
            on s1_0.id=i1_0.seller_id 
    where
        i1_0.id=?
Hibernate: 
    select
        a1_0.id,
        a1_0.bid_count,
        a1_0.category,
        a1_0.created_at,
        a1_0.current_price,
        a1_0.description,
        a1_0.end_time,
        a1_0.item_id,
        a1_0.seller_id,
        a1_0.start_time,
        a1_0.starting_price,
        a1_0.status,
        a1_0.title,
        a1_0.updated_at,
        a1_0.version,
        a1_0.winner_id 
    from
        auction_sessions a1_0
Hibernate: 
    select
        i1_0.id,
        i1_0.item_type,
        i1_0.created_at,
        i1_0.current_price,
        i1_0.description,
        i1_0.name,
        s1_0.id,
        s1_0.created_at,
        s1_0.email,
        s1_0.fullname,
        s1_0.password,
        s1_0.role,
        s1_0.updated_at,
        s1_0.username,
        s1_0.store_name,
        s1_0.store_rating,
        i1_0.starting_price,
        i1_0.updated_at,
        i1_0.artist,
        i1_0.medium,
        i1_0.brand,
        i1_0.model_name,
        i1_0.manufacturer,
        i1_0.release_year 
    from
        auction_items i1_0 
    left join
        (select
            * 
        from
            auction_users t 
        where
            t.user_type='SELLER') s1_0 
            on s1_0.id=i1_0.seller_id 
    where
        i1_0.id=?
Hibernate: 
    select
        i1_0.id,
        i1_0.item_type,
        i1_0.created_at,
        i1_0.current_price,
        i1_0.description,
        i1_0.name,
        s1_0.id,
        s1_0.created_at,
        s1_0.email,
        s1_0.fullname,
        s1_0.password,
        s1_0.role,
        s1_0.updated_at,
        s1_0.username,
        s1_0.store_name,
        s1_0.store_rating,
        i1_0.starting_price,
        i1_0.updated_at,
        i1_0.artist,
        i1_0.medium,
        i1_0.brand,
        i1_0.model_name,
        i1_0.manufacturer,
        i1_0.release_year 
    from
        auction_items i1_0 
    left join
        (select
            * 
        from
            auction_users t 
        where
            t.user_type='SELLER') s1_0 
            on s1_0.id=i1_0.seller_id 
    where
        i1_0.id=?
Hibernate: 
    select
        i1_0.id,
        i1_0.item_type,
        i1_0.created_at,
        i1_0.current_price,
        i1_0.description,
        i1_0.name,
        s1_0.id,
        s1_0.created_at,
        s1_0.email,
        s1_0.fullname,
        s1_0.password,
        s1_0.role,
        s1_0.updated_at,
        s1_0.username,
        s1_0.store_name,
        s1_0.store_rating,
        i1_0.starting_price,
        i1_0.updated_at,
        i1_0.artist,
        i1_0.medium,
        i1_0.brand,
        i1_0.model_name,
        i1_0.manufacturer,
        i1_0.release_year 
    from
        auction_items i1_0 
    left join
        (select
            * 
        from
            auction_users t 
        where
            t.user_type='SELLER') s1_0 
            on s1_0.id=i1_0.seller_id 
    where
        i1_0.id=?
Hibernate: 
    select
        i1_0.id,
        i1_0.item_type,
        i1_0.created_at,
        i1_0.current_price,
        i1_0.description,
        i1_0.name,
        i1_0.seller_id,
        i1_0.starting_price,
        i1_0.updated_at,
        i1_0.artist,
        i1_0.medium,
        i1_0.brand,
        i1_0.model_name,
        i1_0.manufacturer,
        i1_0.release_year 
    from
        auction_items i1_0 
    left join
        (select
            * 
        from
            auction_users t 
        where
            t.user_type='SELLER') s1_0 
            on s1_0.id=i1_0.seller_id 
    where
        s1_0.id=?
Hibernate: 
    select
        s1_0.id,
        s1_0.created_at,
        s1_0.email,
        s1_0.fullname,
        s1_0.password,
        s1_0.role,
        s1_0.updated_at,
        s1_0.username,
        s1_0.store_name,
        s1_0.store_rating 
    from
        auction_users s1_0 
    where
        s1_0.user_type='SELLER' 
        and s1_0.id=?
Hibernate: 
    select
        a1_0.id,
        a1_0.bid_count,
        a1_0.category,
        a1_0.created_at,
        a1_0.current_price,
        a1_0.description,
        a1_0.end_time,
        a1_0.item_id,
        a1_0.seller_id,
        a1_0.start_time,
        a1_0.starting_price,
        a1_0.status,
        a1_0.title,
        a1_0.updated_at,
        a1_0.version,
        a1_0.winner_id 
    from
        auction_sessions a1_0 
    where
        a1_0.status=? 
        and a1_0.end_time<?
Hibernate: 
    select
        a1_0.id,
        a1_0.bid_count,
        a1_0.category,
        a1_0.created_at,
        a1_0.current_price,
        a1_0.description,
        a1_0.end_time,
        a1_0.item_id,
        a1_0.seller_id,
        a1_0.start_time,
        a1_0.starting_price,
        a1_0.status,
        a1_0.title,
        a1_0.updated_at,
        a1_0.version,
        a1_0.winner_id 
    from
        auction_sessions a1_0 
    where
        a1_0.status=?
Hibernate: 
    select
        i1_0.id,
        i1_0.item_type,
        i1_0.created_at,
        i1_0.current_price,
        i1_0.description,
        i1_0.name,
        s1_0.id,
        s1_0.created_at,
        s1_0.email,
        s1_0.fullname,
        s1_0.password,
        s1_0.role,
        s1_0.updated_at,
        s1_0.username,
        s1_0.store_name,
        s1_0.store_rating,
        i1_0.starting_price,
        i1_0.updated_at,
        i1_0.artist,
        i1_0.medium,
        i1_0.brand,
        i1_0.model_name,
        i1_0.manufacturer,
        i1_0.release_year 
    from
        auction_items i1_0 
    left join
        (select
            * 
        from
            auction_users t 
        where
            t.user_type='SELLER') s1_0 
            on s1_0.id=i1_0.seller_id 
    where
        i1_0.id=?
Hibernate: 
    select
        a1_0.id,
        a1_0.bid_count,
        a1_0.category,
        a1_0.created_at,
        a1_0.current_price,
        a1_0.description,
        a1_0.end_time,
        a1_0.item_id,
        a1_0.seller_id,
        a1_0.start_time,
        a1_0.starting_price,
        a1_0.status,
        a1_0.title,
        a1_0.updated_at,
        a1_0.version,
        a1_0.winner_id 
    from
        auction_sessions a1_0 
    where
        a1_0.status=? 
        and a1_0.end_time<?
Hibernate: 
    select
        a1_0.id,
        a1_0.bid_count,
        a1_0.category,
        a1_0.created_at,
        a1_0.current_price,
        a1_0.description,
        a1_0.end_time,
        a1_0.item_id,
        a1_0.seller_id,
        a1_0.start_time,
        a1_0.starting_price,
        a1_0.status,
        a1_0.title,
        a1_0.updated_at,
        a1_0.version,
        a1_0.winner_id 
    from
        auction_sessions a1_0 
    where
        a1_0.status=?
Hibernate: 
    select
        i1_0.id,
        i1_0.item_type,
        i1_0.created_at,
        i1_0.current_price,
        i1_0.description,
        i1_0.name,
        s1_0.id,
        s1_0.created_at,
        s1_0.email,
        s1_0.fullname,
        s1_0.password,
        s1_0.role,
        s1_0.updated_at,
        s1_0.username,
        s1_0.store_name,
        s1_0.store_rating,
        i1_0.starting_price,
        i1_0.updated_at,
        i1_0.artist,
        i1_0.medium,
        i1_0.brand,
        i1_0.model_name,
        i1_0.manufacturer,
        i1_0.release_year 
    from
        auction_items i1_0 
    left join
        (select
            * 
        from
            auction_users t 
        where
            t.user_type='SELLER') s1_0 
            on s1_0.id=i1_0.seller_id 
    where
        i1_0.id=?
Hibernate: 
    select
        a1_0.id,
        a1_0.bid_count,
        a1_0.category,
        a1_0.created_at,
        a1_0.current_price,
        a1_0.description,
        a1_0.end_time,
        a1_0.item_id,
        a1_0.seller_id,
        a1_0.start_time,
        a1_0.starting_price,
        a1_0.status,
        a1_0.title,
        a1_0.updated_at,
        a1_0.version,
        a1_0.winner_id 
    from
        auction_sessions a1_0
Hibernate: 
    select
        i1_0.id,
        i1_0.item_type,
        i1_0.created_at,
        i1_0.current_price,
        i1_0.description,
        i1_0.name,
        s1_0.id,
        s1_0.created_at,
        s1_0.email,
        s1_0.fullname,
        s1_0.password,
        s1_0.role,
        s1_0.updated_at,
        s1_0.username,
        s1_0.store_name,
        s1_0.store_rating,
        i1_0.starting_price,
        i1_0.updated_at,
        i1_0.artist,
        i1_0.medium,
        i1_0.brand,
        i1_0.model_name,
        i1_0.manufacturer,
        i1_0.release_year 
    from
        auction_items i1_0 
    left join
        (select
            * 
        from
            auction_users t 
        where
            t.user_type='SELLER') s1_0 
            on s1_0.id=i1_0.seller_id 
    where
        i1_0.id=?
Hibernate: 
    select
        i1_0.id,
        i1_0.item_type,
        i1_0.created_at,
        i1_0.current_price,
        i1_0.description,
        i1_0.name,
        s1_0.id,
        s1_0.created_at,
        s1_0.email,
        s1_0.fullname,
        s1_0.password,
        s1_0.role,
        s1_0.updated_at,
        s1_0.username,
        s1_0.store_name,
        s1_0.store_rating,
        i1_0.starting_price,
        i1_0.updated_at,
        i1_0.artist,
        i1_0.medium,
        i1_0.brand,
        i1_0.model_name,
        i1_0.manufacturer,
        i1_0.release_year 
    from
        auction_items i1_0 
    left join
        (select
            * 
        from
            auction_users t 
        where
            t.user_type='SELLER') s1_0 
            on s1_0.id=i1_0.seller_id 
    where
        i1_0.id=?
Hibernate: 
    select
        i1_0.id,
        i1_0.item_type,
        i1_0.created_at,
        i1_0.current_price,
        i1_0.description,
        i1_0.name,
        s1_0.id,
        s1_0.created_at,
        s1_0.email,
        s1_0.fullname,
        s1_0.password,
        s1_0.role,
        s1_0.updated_at,
        s1_0.username,
        s1_0.store_name,
        s1_0.store_rating,
        i1_0.starting_price,
        i1_0.updated_at,
        i1_0.artist,
        i1_0.medium,
        i1_0.brand,
        i1_0.model_name,
        i1_0.manufacturer,
        i1_0.release_year 
    from
        auction_items i1_0 
    left join
        (select
            * 
        from
            auction_users t 
        where
            t.user_type='SELLER') s1_0 
            on s1_0.id=i1_0.seller_id 
    where
        i1_0.id=?
Hibernate: 
    select
        i1_0.id,
        i1_0.item_type,
        i1_0.created_at,
        i1_0.current_price,
        i1_0.description,
        i1_0.name,
        i1_0.seller_id,
        i1_0.starting_price,
        i1_0.updated_at,
        i1_0.artist,
        i1_0.medium,
        i1_0.brand,
        i1_0.model_name,
        i1_0.manufacturer,
        i1_0.release_year 
    from
        auction_items i1_0 
    left join
        (select
            * 
        from
            auction_users t 
        where
            t.user_type='SELLER') s1_0 
            on s1_0.id=i1_0.seller_id 
    where
        s1_0.id=?
Hibernate: 
    select
        s1_0.id,
        s1_0.created_at,
        s1_0.email,
        s1_0.fullname,
        s1_0.password,
        s1_0.role,
        s1_0.updated_at,
        s1_0.username,
        s1_0.store_name,
        s1_0.store_rating 
    from
        auction_users s1_0 
    where
        s1_0.user_type='SELLER' 
        and s1_0.id=?
Hibernate: 
    select
        a1_0.id,
        a1_0.bid_count,
        a1_0.category,
        a1_0.created_at,
        a1_0.current_price,
        a1_0.description,
        a1_0.end_time,
        a1_0.item_id,
        a1_0.seller_id,
        a1_0.start_time,
        a1_0.starting_price,
        a1_0.status,
        a1_0.title,
        a1_0.updated_at,
        a1_0.version,
        a1_0.winner_id 
    from
        auction_sessions a1_0
Hibernate: 
    select
        i1_0.id,
        i1_0.item_type,
        i1_0.created_at,
        i1_0.current_price,
        i1_0.description,
        i1_0.name,
        s1_0.id,
        s1_0.created_at,
        s1_0.email,
        s1_0.fullname,
        s1_0.password,
        s1_0.role,
        s1_0.updated_at,
        s1_0.username,
        s1_0.store_name,
        s1_0.store_rating,
        i1_0.starting_price,
        i1_0.updated_at,
        i1_0.artist,
        i1_0.medium,
        i1_0.brand,
        i1_0.model_name,
        i1_0.manufacturer,
        i1_0.release_year 
    from
        auction_items i1_0 
    left join
        (select
            * 
        from
            auction_users t 
        where
            t.user_type='SELLER') s1_0 
            on s1_0.id=i1_0.seller_id 
    where
        i1_0.id=?
Hibernate: 
    select
        i1_0.id,
        i1_0.item_type,
        i1_0.created_at,
        i1_0.current_price,
        i1_0.description,
        i1_0.name,
        s1_0.id,
        s1_0.created_at,
        s1_0.email,
        s1_0.fullname,
        s1_0.password,
        s1_0.role,
        s1_0.updated_at,
        s1_0.username,
        s1_0.store_name,
        s1_0.store_rating,
        i1_0.starting_price,
        i1_0.updated_at,
        i1_0.artist,
        i1_0.medium,
        i1_0.brand,
        i1_0.model_name,
        i1_0.manufacturer,
        i1_0.release_year 
    from
        auction_items i1_0 
    left join
        (select
            * 
        from
            auction_users t 
        where
            t.user_type='SELLER') s1_0 
            on s1_0.id=i1_0.seller_id 
    where
        i1_0.id=?
Hibernate: 
    select
        i1_0.id,
        i1_0.item_type,
        i1_0.created_at,
        i1_0.current_price,
        i1_0.description,
        i1_0.name,
        s1_0.id,
        s1_0.created_at,
        s1_0.email,
        s1_0.fullname,
        s1_0.password,
        s1_0.role,
        s1_0.updated_at,
        s1_0.username,
        s1_0.store_name,
        s1_0.store_rating,
        i1_0.starting_price,
        i1_0.updated_at,
        i1_0.artist,
        i1_0.medium,
        i1_0.brand,
        i1_0.model_name,
        i1_0.manufacturer,
        i1_0.release_year 
    from
        auction_items i1_0 
    left join
        (select
            * 
        from
            auction_users t 
        where
            t.user_type='SELLER') s1_0 
            on s1_0.id=i1_0.seller_id 
    where
        i1_0.id=?
Hibernate: 
    select
        i1_0.id,
        i1_0.item_type,
        i1_0.created_at,
        i1_0.current_price,
        i1_0.description,
        i1_0.name,
        i1_0.seller_id,
        i1_0.starting_price,
        i1_0.updated_at,
        i1_0.artist,
        i1_0.medium,
        i1_0.brand,
        i1_0.model_name,
        i1_0.manufacturer,
        i1_0.release_year 
    from
        auction_items i1_0 
    left join
        (select
            * 
        from
            auction_users t 
        where
            t.user_type='SELLER') s1_0 
            on s1_0.id=i1_0.seller_id 
    where
        s1_0.id=?
Hibernate: 
    select
        s1_0.id,
        s1_0.created_at,
        s1_0.email,
        s1_0.fullname,
        s1_0.password,
        s1_0.role,
        s1_0.updated_at,
        s1_0.username,
        s1_0.store_name,
        s1_0.store_rating 
    from
        auction_users s1_0 
    where
        s1_0.user_type='SELLER' 
        and s1_0.id=?
Hibernate: 
    select
        a1_0.id,
        a1_0.bid_count,
        a1_0.category,
        a1_0.created_at,
        a1_0.current_price,
        a1_0.description,
        a1_0.end_time,
        a1_0.item_id,
        a1_0.seller_id,
        a1_0.start_time,
        a1_0.starting_price,
        a1_0.status,
        a1_0.title,
        a1_0.updated_at,
        a1_0.version,
        a1_0.winner_id 
    from
        auction_sessions a1_0
Hibernate: 
    select
        i1_0.id,
        i1_0.item_type,
        i1_0.created_at,
        i1_0.current_price,
        i1_0.description,
        i1_0.name,
        s1_0.id,
        s1_0.created_at,
        s1_0.email,
        s1_0.fullname,
        s1_0.password,
        s1_0.role,
        s1_0.updated_at,
        s1_0.username,
        s1_0.store_name,
        s1_0.store_rating,
        i1_0.starting_price,
        i1_0.updated_at,
        i1_0.artist,
        i1_0.medium,
        i1_0.brand,
        i1_0.model_name,
        i1_0.manufacturer,
        i1_0.release_year 
    from
        auction_items i1_0 
    left join
        (select
            * 
        from
            auction_users t 
        where
            t.user_type='SELLER') s1_0 
            on s1_0.id=i1_0.seller_id 
    where
        i1_0.id=?
Hibernate: 
    select
        i1_0.id,
        i1_0.item_type,
        i1_0.created_at,
        i1_0.current_price,
        i1_0.description,
        i1_0.name,
        s1_0.id,
        s1_0.created_at,
        s1_0.email,
        s1_0.fullname,
        s1_0.password,
        s1_0.role,
        s1_0.updated_at,
        s1_0.username,
        s1_0.store_name,
        s1_0.store_rating,
        i1_0.starting_price,
        i1_0.updated_at,
        i1_0.artist,
        i1_0.medium,
        i1_0.brand,
        i1_0.model_name,
        i1_0.manufacturer,
        i1_0.release_year 
    from
        auction_items i1_0 
    left join
        (select
            * 
        from
            auction_users t 
        where
            t.user_type='SELLER') s1_0 
            on s1_0.id=i1_0.seller_id 
    where
        i1_0.id=?
Hibernate: 
    select
        i1_0.id,
        i1_0.item_type,
        i1_0.created_at,
        i1_0.current_price,
        i1_0.description,
        i1_0.name,
        s1_0.id,
        s1_0.created_at,
        s1_0.email,
        s1_0.fullname,
        s1_0.password,
        s1_0.role,
        s1_0.updated_at,
        s1_0.username,
        s1_0.store_name,
        s1_0.store_rating,
        i1_0.starting_price,
        i1_0.updated_at,
        i1_0.artist,
        i1_0.medium,
        i1_0.brand,
        i1_0.model_name,
        i1_0.manufacturer,
        i1_0.release_year 
    from
        auction_items i1_0 
    left join
        (select
            * 
        from
            auction_users t 
        where
            t.user_type='SELLER') s1_0 
            on s1_0.id=i1_0.seller_id 
    where
        i1_0.id=?
Hibernate: 
    select
        a1_0.id,
        a1_0.bid_count,
        a1_0.category,
        a1_0.created_at,
        a1_0.current_price,
        a1_0.description,
        a1_0.end_time,
        a1_0.item_id,
        a1_0.seller_id,
        a1_0.start_time,
        a1_0.starting_price,
        a1_0.status,
        a1_0.title,
        a1_0.updated_at,
        a1_0.version,
        a1_0.winner_id 
    from
        auction_sessions a1_0 
    where
        a1_0.status=? 
        and a1_0.end_time<?
Hibernate: 
    select
        a1_0.id,
        a1_0.bid_count,
        a1_0.category,
        a1_0.created_at,
        a1_0.current_price,
        a1_0.description,
        a1_0.end_time,
        a1_0.item_id,
        a1_0.seller_id,
        a1_0.start_time,
        a1_0.starting_price,
        a1_0.status,
        a1_0.title,
        a1_0.updated_at,
        a1_0.version,
        a1_0.winner_id 
    from
        auction_sessions a1_0 
    where
        a1_0.status=?
Hibernate: 
    select
        i1_0.id,
        i1_0.item_type,
        i1_0.created_at,
        i1_0.current_price,
        i1_0.description,
        i1_0.name,
        s1_0.id,
        s1_0.created_at,
        s1_0.email,
        s1_0.fullname,
        s1_0.password,
        s1_0.role,
        s1_0.updated_at,
        s1_0.username,
        s1_0.store_name,
        s1_0.store_rating,
        i1_0.starting_price,
        i1_0.updated_at,
        i1_0.artist,
        i1_0.medium,
        i1_0.brand,
        i1_0.model_name,
        i1_0.manufacturer,
        i1_0.release_year 
    from
        auction_items i1_0 
    left join
        (select
            * 
        from
            auction_users t 
        where
            t.user_type='SELLER') s1_0 
            on s1_0.id=i1_0.seller_id 
    where
        i1_0.id=?
Hibernate: 
    select
        bt1_0.id,
        bt1_0.amount,
        bt1_0.auction_id,
        bt1_0.bid_time,
        bt1_0.bidder_id,
        bt1_0.created_at,
        bt1_0.updated_at 
    from
        bid_transactions bt1_0 
    left join
        auction_sessions a1_0 
            on a1_0.id=bt1_0.auction_id 
    where
        a1_0.id=? 
    order by
        bt1_0.bid_time desc
Hibernate: 
    select
        a1_0.id,
        a1_0.bid_count,
        a1_0.category,
        a1_0.created_at,
        a1_0.current_price,
        a1_0.description,
        a1_0.end_time,
        i1_0.id,
        i1_0.item_type,
        i1_0.created_at,
        i1_0.current_price,
        i1_0.description,
        i1_0.name,
        s1_0.id,
        s1_0.created_at,
        s1_0.email,
        s1_0.fullname,
        s1_0.password,
        s1_0.role,
        s1_0.updated_at,
        s1_0.username,
        s1_0.store_name,
        s1_0.store_rating,
        i1_0.starting_price,
        i1_0.updated_at,
        i1_0.artist,
        i1_0.medium,
        i1_0.brand,
        i1_0.model_name,
        i1_0.manufacturer,
        i1_0.release_year,
        s2_0.id,
        s2_0.created_at,
        s2_0.email,
        s2_0.fullname,
        s2_0.password,
        s2_0.role,
        s2_0.updated_at,
        s2_0.username,
        s2_0.store_name,
        s2_0.store_rating,
        a1_0.start_time,
        a1_0.starting_price,
        a1_0.status,
        a1_0.title,
        a1_0.updated_at,
        a1_0.version,
        w1_0.id,
        w1_0.created_at,
        w1_0.email,
        w1_0.fullname,
        w1_0.password,
        w1_0.role,
        w1_0.updated_at,
        w1_0.username,
        w1_0.rating 
    from
        auction_sessions a1_0 
    left join
        auction_items i1_0 
            on i1_0.id=a1_0.item_id 
    left join
        (select
            * 
        from
            auction_users t 
        where
            t.user_type='SELLER') s1_0 
            on s1_0.id=i1_0.seller_id 
    left join
        (select
            * 
        from
            auction_users t 
        where
            t.user_type='SELLER') s2_0 
            on s2_0.id=a1_0.seller_id 
    left join
        (select
            * 
        from
            auction_users t 
        where
            t.user_type='BIDDER') w1_0 
            on w1_0.id=a1_0.winner_id 
    where
        a1_0.id=?
Hibernate: 
    select
        a1_0.id,
        a1_0.bid_count,
        a1_0.category,
        a1_0.created_at,
        a1_0.current_price,
        a1_0.description,
        a1_0.end_time,
        i1_0.id,
        i1_0.item_type,
        i1_0.created_at,
        i1_0.current_price,
        i1_0.description,
        i1_0.name,
        s1_0.id,
        s1_0.created_at,
        s1_0.email,
        s1_0.fullname,
        s1_0.password,
        s1_0.role,
        s1_0.updated_at,
        s1_0.username,
        s1_0.store_name,
        s1_0.store_rating,
        i1_0.starting_price,
        i1_0.updated_at,
        i1_0.artist,
        i1_0.medium,
        i1_0.brand,
        i1_0.model_name,
        i1_0.manufacturer,
        i1_0.release_year,
        s2_0.id,
        s2_0.created_at,
        s2_0.email,
        s2_0.fullname,
        s2_0.password,
        s2_0.role,
        s2_0.updated_at,
        s2_0.username,
        s2_0.store_name,
        s2_0.store_rating,
        a1_0.start_time,
        a1_0.starting_price,
        a1_0.status,
        a1_0.title,
        a1_0.updated_at,
        a1_0.version,
        w1_0.id,
        w1_0.created_at,
        w1_0.email,
        w1_0.fullname,
        w1_0.password,
        w1_0.role,
        w1_0.updated_at,
        w1_0.username,
        w1_0.rating 
    from
        auction_sessions a1_0 
    left join
        auction_items i1_0 
            on i1_0.id=a1_0.item_id 
    left join
        (select
            * 
        from
            auction_users t 
        where
            t.user_type='SELLER') s1_0 
            on s1_0.id=i1_0.seller_id 
    left join
        (select
            * 
        from
            auction_users t 
        where
            t.user_type='SELLER') s2_0 
            on s2_0.id=a1_0.seller_id 
    left join
        (select
            * 
        from
            auction_users t 
        where
            t.user_type='BIDDER') w1_0 
            on w1_0.id=a1_0.winner_id 
    where
        a1_0.id=?
Hibernate: 
    select
        bt1_0.id,
        bt1_0.amount,
        bt1_0.auction_id,
        bt1_0.bid_time,
        bt1_0.bidder_id,
        bt1_0.created_at,
        bt1_0.updated_at 
    from
        bid_transactions bt1_0 
    left join
        auction_sessions a1_0 
            on a1_0.id=bt1_0.auction_id 
    where
        a1_0.id=? 
    order by
        bt1_0.bid_time desc
2026-05-02T09:11:12.368+07:00  INFO 16552 --- [auctionweb] [MessageBroker-2] o.s.w.s.c.WebSocketMessageBrokerStats    : WebSocketSession[0 current WS(0)-HttpStream(0)-HttpPoll(0), 0 total, 0 closed abnormally (0 connect failure, 0 send limit, 0 transport error)], stompSubProtocol[processed CONNECT(0)-CONNECTED(0)-DISCONNECT(0)], stompBrokerRelay[null], inboundChannel[pool size = 0, active threads = 0, queued tasks = 0, completed tasks = 0], outboundChannel[pool size = 0, active threads = 0, queued tasks = 0, completed tasks = 0], sockJsScheduler[pool size = 14, active threads = 1, queued tasks = 1, completed tasks = 12]
Hibernate: 
    select
        a1_0.id,
        a1_0.bid_count,
        a1_0.category,
        a1_0.created_at,
        a1_0.current_price,
        a1_0.description,
        a1_0.end_time,
        a1_0.item_id,
        a1_0.seller_id,
        a1_0.start_time,
        a1_0.starting_price,
        a1_0.status,
        a1_0.title,
        a1_0.updated_at,
        a1_0.version,
        a1_0.winner_id 
    from
        auction_sessions a1_0 
    where
        a1_0.status=? 
        and a1_0.end_time<?
Hibernate: 
    select
        a1_0.id,
        a1_0.bid_count,
        a1_0.category,
        a1_0.created_at,
        a1_0.current_price,
        a1_0.description,
        a1_0.end_time,
        a1_0.item_id,
        a1_0.seller_id,
        a1_0.start_time,
        a1_0.starting_price,
        a1_0.status,
        a1_0.title,
        a1_0.updated_at,
        a1_0.version,
        a1_0.winner_id 
    from
        auction_sessions a1_0 
    where
        a1_0.status=?
Hibernate: 
    select
        i1_0.id,
        i1_0.item_type,
        i1_0.created_at,
        i1_0.current_price,
        i1_0.description,
        i1_0.name,
        s1_0.id,
        s1_0.created_at,
        s1_0.email,
        s1_0.fullname,
        s1_0.password,
        s1_0.role,
        s1_0.updated_at,
        s1_0.username,
        s1_0.store_name,
        s1_0.store_rating,
        i1_0.starting_price,
        i1_0.updated_at,
        i1_0.artist,
        i1_0.medium,
        i1_0.brand,
        i1_0.model_name,
        i1_0.manufacturer,
        i1_0.release_year 
    from
        auction_items i1_0 
    left join
        (select
            * 
        from
            auction_users t 
        where
            t.user_type='SELLER') s1_0 
            on s1_0.id=i1_0.seller_id 
    where
        i1_0.id=?
Hibernate: 
    select
        a1_0.id,
        a1_0.bid_count,
        a1_0.category,
        a1_0.created_at,
        a1_0.current_price,
        a1_0.description,
        a1_0.end_time,
        i1_0.id,
        i1_0.item_type,
        i1_0.created_at,
        i1_0.current_price,
        i1_0.description,
        i1_0.name,
        s1_0.id,
        s1_0.created_at,
        s1_0.email,
        s1_0.fullname,
        s1_0.password,
        s1_0.role,
        s1_0.updated_at,
        s1_0.username,
        s1_0.store_name,
        s1_0.store_rating,
        i1_0.starting_price,
        i1_0.updated_at,
        i1_0.artist,
        i1_0.medium,
        i1_0.brand,
        i1_0.model_name,
        i1_0.manufacturer,
        i1_0.release_year,
        s2_0.id,
        s2_0.created_at,
        s2_0.email,
        s2_0.fullname,
        s2_0.password,
        s2_0.role,
        s2_0.updated_at,
        s2_0.username,
        s2_0.store_name,
        s2_0.store_rating,
        a1_0.start_time,
        a1_0.starting_price,
        a1_0.status,
        a1_0.title,
        a1_0.updated_at,
        a1_0.version,
        w1_0.id,
        w1_0.created_at,
        w1_0.email,
        w1_0.fullname,
        w1_0.password,
        w1_0.role,
        w1_0.updated_at,
        w1_0.username,
        w1_0.rating 
    from
        auction_sessions a1_0 
    left join
        auction_items i1_0 
            on i1_0.id=a1_0.item_id 
    left join
        (select
            * 
        from
            auction_users t 
        where
            t.user_type='SELLER') s1_0 
            on s1_0.id=i1_0.seller_id 
    left join
        (select
            * 
        from
            auction_users t 
        where
            t.user_type='SELLER') s2_0 
            on s2_0.id=a1_0.seller_id 
    left join
        (select
            * 
        from
            auction_users t 
        where
            t.user_type='BIDDER') w1_0 
            on w1_0.id=a1_0.winner_id 
    where
        a1_0.id=?
Hibernate: 
    select
        a1_0.id,
        a1_0.bid_count,
        a1_0.category,
        a1_0.created_at,
        a1_0.current_price,
        a1_0.description,
        a1_0.end_time,
        a1_0.item_id,
        a1_0.seller_id,
        a1_0.start_time,
        a1_0.starting_price,
        a1_0.status,
        a1_0.title,
        a1_0.updated_at,
        a1_0.version,
        a1_0.winner_id 
    from
        auction_sessions a1_0
Hibernate: 
    select
        i1_0.id,
        i1_0.item_type,
        i1_0.created_at,
        i1_0.current_price,
        i1_0.description,
        i1_0.name,
        s1_0.id,
        s1_0.created_at,
        s1_0.email,
        s1_0.fullname,
        s1_0.password,
        s1_0.role,
        s1_0.updated_at,
        s1_0.username,
        s1_0.store_name,
        s1_0.store_rating,
        i1_0.starting_price,
        i1_0.updated_at,
        i1_0.artist,
        i1_0.medium,
        i1_0.brand,
        i1_0.model_name,
        i1_0.manufacturer,
        i1_0.release_year 
    from
        auction_items i1_0 
    left join
        (select
            * 
        from
            auction_users t 
        where
            t.user_type='SELLER') s1_0 
            on s1_0.id=i1_0.seller_id 
    where
        i1_0.id=?
Hibernate: 
    select
        i1_0.id,
        i1_0.item_type,
        i1_0.created_at,
        i1_0.current_price,
        i1_0.description,
        i1_0.name,
        s1_0.id,
        s1_0.created_at,
        s1_0.email,
        s1_0.fullname,
        s1_0.password,
        s1_0.role,
        s1_0.updated_at,
        s1_0.username,
        s1_0.store_name,
        s1_0.store_rating,
        i1_0.starting_price,
        i1_0.updated_at,
        i1_0.artist,
        i1_0.medium,
        i1_0.brand,
        i1_0.model_name,
        i1_0.manufacturer,
        i1_0.release_year 
    from
        auction_items i1_0 
    left join
        (select
            * 
        from
            auction_users t 
        where
            t.user_type='SELLER') s1_0 
            on s1_0.id=i1_0.seller_id 
    where
        i1_0.id=?
Hibernate: 
    select
        i1_0.id,
        i1_0.item_type,
        i1_0.created_at,
        i1_0.current_price,
        i1_0.description,
        i1_0.name,
        s1_0.id,
        s1_0.created_at,
        s1_0.email,
        s1_0.fullname,
        s1_0.password,
        s1_0.role,
        s1_0.updated_at,
        s1_0.username,
        s1_0.store_name,
        s1_0.store_rating,
        i1_0.starting_price,
        i1_0.updated_at,
        i1_0.artist,
        i1_0.medium,
        i1_0.brand,
        i1_0.model_name,
        i1_0.manufacturer,
        i1_0.release_year 
    from
        auction_items i1_0 
    left join
        (select
            * 
        from
            auction_users t 
        where
            t.user_type='SELLER') s1_0 
            on s1_0.id=i1_0.seller_id 
    where
        i1_0.id=?
